<?xml version="1.0" encoding="UTF-8"?>
<!-- Generated by org.testng.reporters.JUnitReportReporter -->
<testsuite hostname="lap-5168" name="Pages.Login" tests="1" failures="0" timestamp="25 Apr 2021 18:13:52 GMT" time="1.956" errors="0">
  <testcase name="f" time="1.956" classname="Pages.Login"/>
</testsuite> <!-- Pages.Login -->
