<?xml version="1.0" encoding="UTF-8"?>
<!-- Generated by org.testng.reporters.JUnitReportReporter -->
<testsuite hostname="lap-5168" name="Pages.ProductPurchaseClass" tests="1" failures="0" timestamp="25 Apr 2021 19:41:49 GMT" time="2.402" errors="0">
  <testcase name="Main" time="2.402" classname="Pages.ProductPurchaseClass"/>
</testsuite> <!-- Pages.ProductPurchaseClass -->
