<?xml version="1.0" encoding="UTF-8"?>
<!-- Generated by org.testng.reporters.JUnitReportReporter -->
<testsuite hostname="lap-5168" name="Pages.FlipkartMainClass" tests="1" failures="0" timestamp="25 Apr 2021 19:33:35 GMT" time="2.527" errors="0">
  <testcase name="f" time="2.527" classname="Pages.FlipkartMainClass"/>
</testsuite> <!-- Pages.FlipkartMainClass -->
