<?xml version="1.0" encoding="UTF-8"?>
<!-- Generated by org.testng.reporters.JUnitReportReporter -->
<testsuite hostname="lap-5168" name="TestNGFlipkartAssignment.TestNGFlipkartAssignment.AppTest" tests="1" failures="0" timestamp="27 Apr 2021 19:01:00 GMT" time="0.007" errors="0">
  <testcase name="testApp" time="0.007" classname="TestNGFlipkartAssignment.TestNGFlipkartAssignment.AppTest"/>
</testsuite> <!-- TestNGFlipkartAssignment.TestNGFlipkartAssignment.AppTest -->
